2021-11-02 14:18:05 +0000 [MT] Initial pipeline context: <IDEDistributionProcessingPipelineContext: 0x11aa0f4a0; archive(resolved)="<IDEArchive: 0x600001b9b660>", distributionTask(resolved)="2", distributionDestination(resolved)="1", distributionMethod(resolved)="<IDEDistributionMethodiOSAppStoreDistribution: 0x600003d6e120>", team(resolved)="<IDEProvisioningBasicTeam: 0x600003e617c0; teamID='BGH588JJJP', teamName='(null)'>">
	Chain (15, self inclusive):
	<IDEDistributionProcessingPipelineContext: 0x11aa0f4a0; archive = "<IDEArchive: 0x600001b9b660>", distributionMethod="<IDEDistributionMethodiOSAppStoreDistribution: 0x600003d6e120>", team="<IDEProvisioningBasicTeam: 0x600003e617c0; teamID='BGH588JJJP', teamName='(null)'>">
	<IDEDistributionProcessingPipelineContext: 0x11aa0e320; archive = "<IDEArchive: 0x600001b9b660>", distributionMethod="<IDEDistributionMethodiOSAppStoreDistribution: 0x600003d6e120>", team="<IDEProvisioningBasicTeam: 0x600003e617c0; teamID='BGH588JJJP', teamName='(null)'>">
	<IDEDistributionContext: 0x11aa0dd80; archive = "<IDEArchive: 0x600001b9b660>", distributionMethod="<IDEDistributionMethodiOSAppStoreDistribution: 0x600003d6e120>", team="<IDEProvisioningBasicTeam: 0x600003e617c0; teamID='BGH588JJJP', teamName='(null)'>">
	<IDEDistributionContext: 0x11ab183f0; archive = "<IDEArchive: 0x600001b9b660>", distributionMethod="<IDEDistributionMethodiOSAppStoreDistribution: 0x600003d6e120>", team="<IDEProvisioningBasicTeam: 0x600003e617c0; teamID='BGH588JJJP', teamName='(null)'>">
	<IDEDistributionContext: 0x11ab166f0; archive = "<IDEArchive: 0x600001b9b660>", distributionMethod="<IDEDistributionMethodiOSAppStoreDistribution: 0x600003d6e120>", team="<IDEProvisioningBasicTeam: 0x600003e617c0; teamID='BGH588JJJP', teamName='(null)'>">
	<IDEDistributionContext: 0x11a90b350; archive = "<IDEArchive: 0x600001b9b660>", distributionMethod="<IDEDistributionMethodiOSAppStoreDistribution: 0x600003d6e120>", team="<IDEProvisioningBasicTeam: 0x600003e617c0; teamID='BGH588JJJP', teamName='(null)'>">
	<IDEDistributionContext: 0x11a907350; archive = "<IDEArchive: 0x600001b9b660>", distributionMethod="<IDEDistributionMethodiOSAppStoreDistribution: 0x600003d6e120>", team="<IDEProvisioningBasicTeam: 0x600003e617c0; teamID='BGH588JJJP', teamName='(null)'>">
	<IDEDistributionContext: 0x11aa087b0; archive = "<IDEArchive: 0x600001b9b660>", distributionMethod="<IDEDistributionMethodiOSAppStoreDistribution: 0x600003d6e120>", team="<IDEProvisioningBasicTeam: 0x600003e617c0; teamID='BGH588JJJP', teamName='(null)'>">
	<IDEDistributionContext: 0x11a9060f0; archive = "<IDEArchive: 0x600001b9b660>", distributionMethod="<IDEDistributionMethodiOSAppStoreDistribution: 0x600003d6e120>", team="<IDEProvisioningBasicTeam: 0x600003e617c0; teamID='BGH588JJJP', teamName='(null)'>">
	<IDEDistributionContext: 0x118f06880; archive = "<IDEArchive: 0x600001b9b660>", distributionMethod="<IDEDistributionMethodiOSAppStoreDistribution: 0x600003d6e120>", team="<IDEProvisioningBasicTeam: 0x600003e617c0; teamID='BGH588JJJP', teamName='(null)'>">
	<IDEDistributionContext: 0x12a8d2910; archive = "<IDEArchive: 0x600001b9b660>", distributionMethod="<IDEDistributionMethodiOSAppStoreDistribution: 0x600003d6e120>", team="<IDEProvisioningBasicTeam: 0x600003e617c0; teamID='BGH588JJJP', teamName='(null)'>">
	<IDEDistributionContext: 0x12a8d49e0; archive = "<IDEArchive: 0x600001b9b660>", distributionMethod="<IDEDistributionMethodiOSAppStoreDistribution: 0x600003d6e120>", team="<IDEProvisioningBasicTeam: 0x600003e617c0; teamID='BGH588JJJP', teamName='(null)'>">
	<IDEDistributionContext: 0x11ab08ae0; archive = "<IDEArchive: 0x600001b9b660>", distributionMethod="<IDEDistributionMethodiOSAppStoreDistribution: 0x600003d6e120>", team="<IDEProvisioningBasicTeam: 0x600003e617c0; teamID='BGH588JJJP', teamName='(null)'>">
	<IDEDistributionContext: 0x11ab0a600; archive = "<IDEArchive: 0x600001b9b660>", distributionMethod="<IDEDistributionMethodiOSAppStoreDistribution: 0x600003d6e120>", team="(null)">
	<IDEDistributionContext: 0x11ab06150; archive = "<IDEArchive: 0x600001b9b660>", distributionMethod="(null)", team="(null)">
</IDEDistributionProcessingPipelineContext: 0x11aa0f4a0>
2021-11-02 14:18:05 +0000 [MT] Processing step: IDEDistributionCreateDestRootStep
2021-11-02 14:18:05 +0000 [MT] Processing step: IDEDistributionCopyItemStep
2021-11-02 14:18:05 +0000 [MT] Running /usr/bin/ditto '-V' '/Users/vovin/Documents/GitHub/climactivity-app/ios/climactivity-app.xcarchive/Products/Applications/climactivity-app.app' '/var/folders/8d/9gywmgld2f76f_7jdrpx16ym0000gn/T/XcodeDistPipeline.~~~oJJHjw/Root/Payload/climactivity-app.app'
2021-11-02 14:18:05 +0000  >>> Copying /Users/vovin/Documents/GitHub/climactivity-app/ios/climactivity-app.xcarchive/Products/Applications/climactivity-app.app 
2021-11-02 14:18:05 +0000  copying file ./_CodeSignature/CodeResources ... 
2021-11-02 14:18:05 +0000  6048 bytes for ./_CodeSignature/CodeResources
2021-11-02 14:18:05 +0000  copying file ./en.lproj/InfoPlist.strings ... 
2021-11-02 14:18:05 +0000  42 bytes for ./en.lproj/InfoPlist.strings
2021-11-02 14:18:05 +0000  copying file ./climactivity-app ... 
2021-11-02 14:18:05 +0000  24543312 bytes for ./climactivity-app
2021-11-02 14:18:05 +0000  copying file ./Launch Screen.storyboardc/01J-lp-oVM-view-Ze5-6b-2t3.nib ... 
2616 bytes for ./Launch Screen.storyboardc/01J-lp-oVM-view-Ze5-6b-2t3.nib
copying file ./Launch Screen.storyboardc/UIViewController-01J-lp-oVM.nib ... 
2021-11-02 14:18:05 +0000  896 bytes for ./Launch Screen.storyboardc/UIViewController-01J-lp-oVM.nib
copying file ./Launch Screen.storyboardc/Info.plist ... 
2021-11-02 14:18:05 +0000  258 bytes for ./Launch Screen.storyboardc/Info.plist
2021-11-02 14:18:05 +0000  copying file ./Assets.car ... 
2021-11-02 14:18:05 +0000  343919 bytes for ./Assets.car
2021-11-02 14:18:05 +0000  copying file ./climactivity-app.pck ... 
2021-11-02 14:18:05 +0000  21354784 bytes for ./climactivity-app.pck
2021-11-02 14:18:05 +0000  copying file ./Frameworks/localnotification.framework/_CodeSignature/CodeResources ... 
2108 bytes for ./Frameworks/localnotification.framework/_CodeSignature/CodeResources
copying file ./Frameworks/localnotification.framework/localnotification ... 
2021-11-02 14:18:05 +0000  5264576 bytes for ./Frameworks/localnotification.framework/localnotification
2021-11-02 14:18:05 +0000  copying file ./Frameworks/localnotification.framework/Headers/gdnative_ios.h ... 
536 bytes for ./Frameworks/localnotification.framework/Headers/gdnative_ios.h
copying file ./Frameworks/localnotification.framework/Info.plist ... 
720 bytes for ./Frameworks/localnotification.framework/Info.plist
copying file ./embedded.mobileprovision ... 
14374 bytes for ./embedded.mobileprovision
copying file ./Info.plist ... 
1442 bytes for ./Info.plist
copying file ./PkgInfo ... 
8 bytes for ./PkgInfo
copying file ./AppIcon76x76~ipad.png ... 
3601 bytes for ./AppIcon76x76~ipad.png
2021-11-02 14:18:05 +0000 [MT] /usr/bin/ditto exited with 0
2021-11-02 14:18:05 +0000 [MT] Processing step: IDEDistributionEmbedProfileStep
2021-11-02 14:18:05 +0000 [MT] Skipping profile for item: <IDEDistributionItem: 0x600001b939c0; bundleID='ru.mobilap.localnotification', path='<DVTFilePath:0x60000116ea00:'/Users/vovin/Documents/GitHub/climactivity-app/ios/climactivity-app.xcarchive/Products/Applications/climactivity-app.app/Frameworks/localnotification.framework'>', codeSigningInfo='<_DVTCodeSigningInformation_Path: 0x600001cf9b80; isSigned='1', isAdHocSigned='0', signingCertificate='<DVTSigningCertificate: 0x60000080b860; name='Apple Development: Timo Volk (WAL3F8KU9P)', hash='F66D1B41CFEEEEDA597195CE003EFF8F45D1EF5C', serialNumber='14008515DCC4920E', certificateKinds='(
    "1.2.840.113635.100.6.1.12",
    "1.2.840.113635.100.6.1.2"
), issueDate='2020-12-17 16:15:19 +0000''>', entitlements='(null)', teamID='BGH588JJJP', identifier='ru.mobilap.localnotification', executablePath='<DVTFilePath:0x60000116e100:'/Users/vovin/Documents/GitHub/climactivity-app/ios/climactivity-app.xcarchive/Products/Applications/climactivity-app.app/Frameworks/localnotification.framework/localnotification'>', hardenedRuntime='0'>'>
2021-11-02 14:18:05 +0000 [MT] Processing step: IDEDistributionInfoPlistStep
2021-11-02 14:18:05 +0000 [MT] Processing step: IDEDistributionItemRemovalStep
2021-11-02 14:18:05 +0000 [MT] Processing step: IDEDistributionAppThinningPlistStep
2021-11-02 14:18:05 +0000 [MT] Skipping step: IDEDistributionAppThinningPlistStep because it said so
2021-11-02 14:18:05 +0000 [MT] Processing step: IDEDistributionCompileBitcodeStep
2021-11-02 14:18:05 +0000 [MT] Skipping step: IDEDistributionCompileBitcodeStep because it said so
2021-11-02 14:18:05 +0000 [MT] Processing step: IDEDistributionCodeSlimmingStep
2021-11-02 14:18:05 +0000 [MT] Processing step: IDEDistributionCopyBCSymbolMapsStep
2021-11-02 14:18:05 +0000 [MT] Processing step: IDEDistributionSymbolsStep
2021-11-02 14:18:05 +0000 [MT] Processing symbols for localnotification.framework
2021-11-02 14:18:05 +0000 [MT] Running /usr/bin/rsync '-8aPhhE' '/var/folders/8d/9gywmgld2f76f_7jdrpx16ym0000gn/T/XcodeDistPipeline.~~~oJJHjw/Root/Payload/climactivity-app.app/Frameworks/localnotification.framework' '--link-dest' '/var/folders/8d/9gywmgld2f76f_7jdrpx16ym0000gn/T/XcodeDistPipeline.~~~oJJHjw/Root/Payload/climactivity-app.app/Frameworks' '/var/folders/8d/9gywmgld2f76f_7jdrpx16ym0000gn/T/XcodeDistPipeline.~~~oJJHjw'
2021-11-02 14:18:05 +0000  building file list ... 
2021-11-02 14:18:05 +0000   0 files...2021-11-02 14:18:05 +0000  7 files to consider
2021-11-02 14:18:05 +0000  localnotification.framework/
2021-11-02 14:18:05 +0000  localnotification.framework/Headers/
localnotification.framework/_CodeSignature/
2021-11-02 14:18:05 +0000  
2021-11-02 14:18:05 +0000  sent 288 bytes  received 38 bytes  652.00 bytes/sec
total size is 5.02M  speedup is 16159.32
2021-11-02 14:18:05 +0000 [MT] /usr/bin/rsync exited with 0
2021-11-02 14:18:05 +0000 [MT] Running /usr/bin/rsync '-8aPhhE' '/Users/vovin/Documents/GitHub/climactivity-app/ios/climactivity-app.xcarchive/dSYMs/' '--link-dest' '/Users/vovin/Documents/GitHub/climactivity-app/ios/climactivity-app.xcarchive/dSYMs/' '/var/folders/8d/9gywmgld2f76f_7jdrpx16ym0000gn/T/XcodeDistPipeline.~~~oJJHjw'
2021-11-02 14:18:05 +0000  building file list ... 
2021-11-02 14:18:05 +0000   0 files...2021-11-02 14:18:05 +0000  7 files to consider
2021-11-02 14:18:05 +0000  ./
2021-11-02 14:18:05 +0000  climactivity-app.app.dSYM/
climactivity-app.app.dSYM/Contents/
climactivity-app.app.dSYM/Contents/Resources/
climactivity-app.app.dSYM/Contents/Resources/DWARF/
2021-11-02 14:18:05 +0000  
2021-11-02 14:18:05 +0000  sent 252 bytes  received 50 bytes  604.00 bytes/sec
total size is 4.73M  speedup is 16430.47
2021-11-02 14:18:05 +0000 [MT] /usr/bin/rsync exited with 0
2021-11-02 14:18:05 +0000 [MT] Running /Applications/Xcode.app/Contents/Developer/usr/bin/symbols '-noTextInSOD' '-noDaemon' '-arch' 'all' '-symbolsPackageDir' '/var/folders/8d/9gywmgld2f76f_7jdrpx16ym0000gn/T/XcodeDistPipeline.~~~oJJHjw/Symbols' '/var/folders/8d/9gywmgld2f76f_7jdrpx16ym0000gn/T/XcodeDistPipeline.~~~oJJHjw/localnotification.framework/localnotification'
2021-11-02 14:18:05 +0000  /var/folders/8d/9gywmgld2f76f_7jdrpx16ym0000gn/T/XcodeDistPipeline.~~~oJJHjw/localnotification.framework/localnotification [armv7, 0.169286 seconds]:
/var/folders/8d/9gywmgld2f76f_7jdrpx16ym0000gn/T/XcodeDistPipeline.~~~oJJHjw/localnotification.framework/localnotification [arm64, 0.169286 seconds]:
2021-11-02 14:18:05 +0000 [MT] /Applications/Xcode.app/Contents/Developer/usr/bin/symbols exited with 0
2021-11-02 14:18:05 +0000 [MT] Processing symbols for climactivity-app.app
2021-11-02 14:18:05 +0000 [MT] Running /usr/bin/rsync '-8aPhhE' '/var/folders/8d/9gywmgld2f76f_7jdrpx16ym0000gn/T/XcodeDistPipeline.~~~oJJHjw/Root/Payload/climactivity-app.app' '--link-dest' '/var/folders/8d/9gywmgld2f76f_7jdrpx16ym0000gn/T/XcodeDistPipeline.~~~oJJHjw/Root/Payload' '/var/folders/8d/9gywmgld2f76f_7jdrpx16ym0000gn/T/XcodeDistPipeline.~~~oJJHjw'
2021-11-02 14:18:05 +0000  building file list ... 
 0 files...2021-11-02 14:18:05 +0000  24 files to consider
2021-11-02 14:18:05 +0000  climactivity-app.app/
2021-11-02 14:18:05 +0000  climactivity-app.app/Frameworks/
climactivity-app.app/Frameworks/localnotification.framework/
climactivity-app.app/Frameworks/localnotification.framework/Headers/
climactivity-app.app/Frameworks/localnotification.framework/_CodeSignature/
climactivity-app.app/Launch Screen.storyboardc/
climactivity-app.app/_CodeSignature/
climactivity-app.app/en.lproj/
2021-11-02 14:18:05 +0000  
2021-11-02 14:18:05 +0000  sent 878 bytes  received 68 bytes  1.85K bytes/sec
total size is 49.15M  speedup is 54481.07
2021-11-02 14:18:05 +0000 [MT] /usr/bin/rsync exited with 0
2021-11-02 14:18:05 +0000 [MT] Running /usr/bin/rsync '-8aPhhE' '/Users/vovin/Documents/GitHub/climactivity-app/ios/climactivity-app.xcarchive/dSYMs/' '--link-dest' '/Users/vovin/Documents/GitHub/climactivity-app/ios/climactivity-app.xcarchive/dSYMs/' '/var/folders/8d/9gywmgld2f76f_7jdrpx16ym0000gn/T/XcodeDistPipeline.~~~oJJHjw'
2021-11-02 14:18:05 +0000  building file list ... 
2021-11-02 14:18:05 +0000   0 files...2021-11-02 14:18:05 +0000  7 files to consider
2021-11-02 14:18:05 +0000  ./
climactivity-app.app.dSYM/
2021-11-02 14:18:05 +0000  climactivity-app.app.dSYM/Contents/
climactivity-app.app.dSYM/Contents/Resources/
climactivity-app.app.dSYM/Contents/Resources/DWARF/
2021-11-02 14:18:05 +0000  
2021-11-02 14:18:05 +0000  sent 264 bytes  received 62 bytes  652.00 bytes/sec
total size is 4.73M  speedup is 15220.86
2021-11-02 14:18:05 +0000 [MT] /usr/bin/rsync exited with 0
2021-11-02 14:18:05 +0000 [MT] Running /Applications/Xcode.app/Contents/Developer/usr/bin/symbols '-noTextInSOD' '-noDaemon' '-arch' 'all' '-symbolsPackageDir' '/var/folders/8d/9gywmgld2f76f_7jdrpx16ym0000gn/T/XcodeDistPipeline.~~~oJJHjw/Symbols' '/var/folders/8d/9gywmgld2f76f_7jdrpx16ym0000gn/T/XcodeDistPipeline.~~~oJJHjw/climactivity-app.app.dSYM/Contents/Resources/Dwarf/climactivity-app'
2021-11-02 14:18:06 +0000  /var/folders/8d/9gywmgld2f76f_7jdrpx16ym0000gn/T/XcodeDistPipeline.~~~oJJHjw/climactivity-app.app.dSYM/Contents/Resources/Dwarf/climactivity-app [arm64, 0.096200 seconds]:
2021-11-02 14:18:06 +0000 [MT] /Applications/Xcode.app/Contents/Developer/usr/bin/symbols exited with 0
2021-11-02 14:18:06 +0000 [MT] Processing step: IDEDistributionCopyAppleProvidedContentStep
2021-11-02 14:18:06 +0000 [MT] Processing step: IDEDistributionAppThinningStep
2021-11-02 14:18:06 +0000 [MT] Skipping step: IDEDistributionAppThinningStep because it said so
2021-11-02 14:18:06 +0000 [MT] Processing step: IDEDistributionArchThinningStep
2021-11-02 14:18:06 +0000 [MT] Running /Applications/Xcode.app/Contents/Developer/Toolchains/XcodeDefault.xctoolchain/usr/bin/lipo '/var/folders/8d/9gywmgld2f76f_7jdrpx16ym0000gn/T/XcodeDistPipeline.~~~oJJHjw/Root/Payload/climactivity-app.app/Frameworks/localnotification.framework/localnotification' '-verify_arch' 'arm64e'
2021-11-02 14:18:06 +0000 [MT] /Applications/Xcode.app/Contents/Developer/Toolchains/XcodeDefault.xctoolchain/usr/bin/lipo exited with 1
2021-11-02 14:18:06 +0000 [MT] Skipping architecture thinning for item "localnotification" because arch "arm64e" wasn't found
2021-11-02 14:18:06 +0000 [MT] Running /Applications/Xcode.app/Contents/Developer/Toolchains/XcodeDefault.xctoolchain/usr/bin/lipo '/var/folders/8d/9gywmgld2f76f_7jdrpx16ym0000gn/T/XcodeDistPipeline.~~~oJJHjw/Root/Payload/climactivity-app.app/climactivity-app' '-verify_arch' 'arm64e'
2021-11-02 14:18:06 +0000 [MT] /Applications/Xcode.app/Contents/Developer/Toolchains/XcodeDefault.xctoolchain/usr/bin/lipo exited with 1
2021-11-02 14:18:06 +0000 [MT] Skipping architecture thinning for item "climactivity-app" because arch "arm64e" wasn't found
2021-11-02 14:18:06 +0000 [MT] Processing step: IDEDistributionODRStep
2021-11-02 14:18:06 +0000 [MT] Processing step: IDEDistributionStripXattrsStep
2021-11-02 14:18:06 +0000 [MT] Skipping stripping extended attributes of item: <IDEDistributionItem: 0x600001b939c0; bundleID='ru.mobilap.localnotification', path='<DVTFilePath:0x60000116ea00:'/Users/vovin/Documents/GitHub/climactivity-app/ios/climactivity-app.xcarchive/Products/Applications/climactivity-app.app/Frameworks/localnotification.framework'>', codeSigningInfo='<_DVTCodeSigningInformation_Path: 0x600001cf9b80; isSigned='1', isAdHocSigned='0', signingCertificate='<DVTSigningCertificate: 0x600000813180; name='Apple Development: Timo Volk (WAL3F8KU9P)', hash='F66D1B41CFEEEEDA597195CE003EFF8F45D1EF5C', serialNumber='14008515DCC4920E', certificateKinds='(
    "1.2.840.113635.100.6.1.12",
    "1.2.840.113635.100.6.1.2"
), issueDate='2020-12-17 16:15:19 +0000''>', entitlements='(null)', teamID='BGH588JJJP', identifier='ru.mobilap.localnotification', executablePath='<DVTFilePath:0x60000116e100:'/Users/vovin/Documents/GitHub/climactivity-app/ios/climactivity-app.xcarchive/Products/Applications/climactivity-app.app/Frameworks/localnotification.framework/localnotification'>', hardenedRuntime='0'>'>
2021-11-02 14:18:06 +0000 [MT] Running /usr/bin/xattr '-crs' '/var/folders/8d/9gywmgld2f76f_7jdrpx16ym0000gn/T/XcodeDistPipeline.~~~oJJHjw/Root/Payload/climactivity-app.app'
2021-11-02 14:18:06 +0000 [MT] /usr/bin/xattr exited with 0
2021-11-02 14:18:06 +0000 [MT] Processing step: IDEDistributionCodesignStep
2021-11-02 14:18:06 +0000 [MT] Entitlements for <IDEDistributionItem: 0x600001b939c0; bundleID='ru.mobilap.localnotification', path='<DVTFilePath:0x60000116ea00:'/Users/vovin/Documents/GitHub/climactivity-app/ios/climactivity-app.xcarchive/Products/Applications/climactivity-app.app/Frameworks/localnotification.framework'>', codeSigningInfo='<_DVTCodeSigningInformation_Path: 0x600001cf9b80; isSigned='1', isAdHocSigned='0', signingCertificate='<DVTSigningCertificate: 0x600000813180; name='Apple Development: Timo Volk (WAL3F8KU9P)', hash='F66D1B41CFEEEEDA597195CE003EFF8F45D1EF5C', serialNumber='14008515DCC4920E', certificateKinds='(
    "1.2.840.113635.100.6.1.12",
    "1.2.840.113635.100.6.1.2"
), issueDate='2020-12-17 16:15:19 +0000''>', entitlements='(null)', teamID='BGH588JJJP', identifier='ru.mobilap.localnotification', executablePath='<DVTFilePath:0x60000116e100:'/Users/vovin/Documents/GitHub/climactivity-app/ios/climactivity-app.xcarchive/Products/Applications/climactivity-app.app/Frameworks/localnotification.framework/localnotification'>', hardenedRuntime='0'>'>: {
}
2021-11-02 14:18:06 +0000 [MT] Entitlements for <IDEDistributionItem: 0x600001b939c0; bundleID='ru.mobilap.localnotification', path='<DVTFilePath:0x60000116ea00:'/Users/vovin/Documents/GitHub/climactivity-app/ios/climactivity-app.xcarchive/Products/Applications/climactivity-app.app/Frameworks/localnotification.framework'>', codeSigningInfo='<_DVTCodeSigningInformation_Path: 0x600001cf9b80; isSigned='1', isAdHocSigned='0', signingCertificate='<DVTSigningCertificate: 0x6000008132e0; name='Apple Development: Timo Volk (WAL3F8KU9P)', hash='F66D1B41CFEEEEDA597195CE003EFF8F45D1EF5C', serialNumber='14008515DCC4920E', certificateKinds='(
    "1.2.840.113635.100.6.1.12",
    "1.2.840.113635.100.6.1.2"
), issueDate='2020-12-17 16:15:19 +0000''>', entitlements='(null)', teamID='BGH588JJJP', identifier='ru.mobilap.localnotification', executablePath='<DVTFilePath:0x60000116e100:'/Users/vovin/Documents/GitHub/climactivity-app/ios/climactivity-app.xcarchive/Products/Applications/climactivity-app.app/Frameworks/localnotification.framework/localnotification'>', hardenedRuntime='0'>'> are: {
}
2021-11-02 14:18:06 +0000 [MT] Writing entitlements for <IDEDistributionItem: 0x600001b939c0; bundleID='ru.mobilap.localnotification', path='<DVTFilePath:0x60000116ea00:'/Users/vovin/Documents/GitHub/climactivity-app/ios/climactivity-app.xcarchive/Products/Applications/climactivity-app.app/Frameworks/localnotification.framework'>', codeSigningInfo='<_DVTCodeSigningInformation_Path: 0x600001cf9b80; isSigned='1', isAdHocSigned='0', signingCertificate='<DVTSigningCertificate: 0x600000813440; name='Apple Development: Timo Volk (WAL3F8KU9P)', hash='F66D1B41CFEEEEDA597195CE003EFF8F45D1EF5C', serialNumber='14008515DCC4920E', certificateKinds='(
    "1.2.840.113635.100.6.1.12",
    "1.2.840.113635.100.6.1.2"
), issueDate='2020-12-17 16:15:19 +0000''>', entitlements='(null)', teamID='BGH588JJJP', identifier='ru.mobilap.localnotification', executablePath='<DVTFilePath:0x60000116e100:'/Users/vovin/Documents/GitHub/climactivity-app/ios/climactivity-app.xcarchive/Products/Applications/climactivity-app.app/Frameworks/localnotification.framework/localnotification'>', hardenedRuntime='0'>'> to: /var/folders/8d/9gywmgld2f76f_7jdrpx16ym0000gn/T/XcodeDistPipeline.~~~oJJHjw/entitlements~~~VE1HWa
2021-11-02 14:18:06 +0000 [MT] Running /usr/bin/codesign '-vvv' '--force' '--sign' 'C130EA9A2E55926695706C7BB125EAA18580AA76' '--entitlements' '/var/folders/8d/9gywmgld2f76f_7jdrpx16ym0000gn/T/XcodeDistPipeline.~~~oJJHjw/entitlements~~~VE1HWa' '--generate-entitlement-der' '--preserve-metadata=identifier,flags,runtime' '/var/folders/8d/9gywmgld2f76f_7jdrpx16ym0000gn/T/XcodeDistPipeline.~~~oJJHjw/Root/Payload/climactivity-app.app/Frameworks/localnotification.framework'
2021-11-02 14:18:06 +0000  /var/folders/8d/9gywmgld2f76f_7jdrpx16ym0000gn/T/XcodeDistPipeline.~~~oJJHjw/Root/Payload/climactivity-app.app/Frameworks/localnotification.framework: replacing existing signature
2021-11-02 14:18:06 +0000  /var/folders/8d/9gywmgld2f76f_7jdrpx16ym0000gn/T/XcodeDistPipeline.~~~oJJHjw/Root/Payload/climactivity-app.app/Frameworks/localnotification.framework: signed bundle with Mach-O universal (armv7 arm64) [ru.mobilap.localnotification]
2021-11-02 14:18:06 +0000 [MT] /usr/bin/codesign exited with 0
2021-11-02 14:18:06 +0000 [MT] Entitlements for <IDEDistributionItem: 0x600001b93a80; bundleID='de.climactivity.app', path='<DVTFilePath:0x6000011c6700:'/Users/vovin/Documents/GitHub/climactivity-app/ios/climactivity-app.xcarchive/Products/Applications/climactivity-app.app'>', codeSigningInfo='<_DVTCodeSigningInformation_Path: 0x600001cc01e0; isSigned='1', isAdHocSigned='0', signingCertificate='<DVTSigningCertificate: 0x60000082d810; name='Apple Development: Timo Volk (WAL3F8KU9P)', hash='F66D1B41CFEEEEDA597195CE003EFF8F45D1EF5C', serialNumber='14008515DCC4920E', certificateKinds='(
    "1.2.840.113635.100.6.1.12",
    "1.2.840.113635.100.6.1.2"
), issueDate='2020-12-17 16:15:19 +0000''>', entitlements='{
    "application-identifier" = "BGH588JJJP.de.climactivity.app";
    "aps-environment" = development;
    "com.apple.developer.team-identifier" = BGH588JJJP;
    "get-task-allow" = 1;
}', teamID='BGH588JJJP', identifier='de.climactivity.app', executablePath='<DVTFilePath:0x6000011cd500:'/Users/vovin/Documents/GitHub/climactivity-app/ios/climactivity-app.xcarchive/Products/Applications/climactivity-app.app/climactivity-app'>', hardenedRuntime='0'>'>: {
    "application-identifier" = "BGH588JJJP.de.climactivity.app";
    "aps-environment" = production;
    "beta-reports-active" = 1;
    "com.apple.developer.team-identifier" = BGH588JJJP;
    "get-task-allow" = 0;
}
2021-11-02 14:18:06 +0000 [MT] Entitlements for <IDEDistributionItem: 0x600001b93a80; bundleID='de.climactivity.app', path='<DVTFilePath:0x6000011c6700:'/Users/vovin/Documents/GitHub/climactivity-app/ios/climactivity-app.xcarchive/Products/Applications/climactivity-app.app'>', codeSigningInfo='<_DVTCodeSigningInformation_Path: 0x600001cc01e0; isSigned='1', isAdHocSigned='0', signingCertificate='<DVTSigningCertificate: 0x6000008132e0; name='Apple Development: Timo Volk (WAL3F8KU9P)', hash='F66D1B41CFEEEEDA597195CE003EFF8F45D1EF5C', serialNumber='14008515DCC4920E', certificateKinds='(
    "1.2.840.113635.100.6.1.12",
    "1.2.840.113635.100.6.1.2"
), issueDate='2020-12-17 16:15:19 +0000''>', entitlements='{
    "application-identifier" = "BGH588JJJP.de.climactivity.app";
    "aps-environment" = development;
    "com.apple.developer.team-identifier" = BGH588JJJP;
    "get-task-allow" = 1;
}', teamID='BGH588JJJP', identifier='de.climactivity.app', executablePath='<DVTFilePath:0x6000011cd500:'/Users/vovin/Documents/GitHub/climactivity-app/ios/climactivity-app.xcarchive/Products/Applications/climactivity-app.app/climactivity-app'>', hardenedRuntime='0'>'> are: {
    "application-identifier" = "BGH588JJJP.de.climactivity.app";
    "aps-environment" = production;
    "beta-reports-active" = 1;
    "com.apple.developer.team-identifier" = BGH588JJJP;
    "get-task-allow" = 0;
}
2021-11-02 14:18:06 +0000 [MT] Writing entitlements for <IDEDistributionItem: 0x600001b93a80; bundleID='de.climactivity.app', path='<DVTFilePath:0x6000011c6700:'/Users/vovin/Documents/GitHub/climactivity-app/ios/climactivity-app.xcarchive/Products/Applications/climactivity-app.app'>', codeSigningInfo='<_DVTCodeSigningInformation_Path: 0x600001cc01e0; isSigned='1', isAdHocSigned='0', signingCertificate='<DVTSigningCertificate: 0x6000008135a0; name='Apple Development: Timo Volk (WAL3F8KU9P)', hash='F66D1B41CFEEEEDA597195CE003EFF8F45D1EF5C', serialNumber='14008515DCC4920E', certificateKinds='(
    "1.2.840.113635.100.6.1.12",
    "1.2.840.113635.100.6.1.2"
), issueDate='2020-12-17 16:15:19 +0000''>', entitlements='{
    "application-identifier" = "BGH588JJJP.de.climactivity.app";
    "aps-environment" = development;
    "com.apple.developer.team-identifier" = BGH588JJJP;
    "get-task-allow" = 1;
}', teamID='BGH588JJJP', identifier='de.climactivity.app', executablePath='<DVTFilePath:0x6000011cd500:'/Users/vovin/Documents/GitHub/climactivity-app/ios/climactivity-app.xcarchive/Products/Applications/climactivity-app.app/climactivity-app'>', hardenedRuntime='0'>'> to: /var/folders/8d/9gywmgld2f76f_7jdrpx16ym0000gn/T/XcodeDistPipeline.~~~oJJHjw/entitlements~~~oxx00C
2021-11-02 14:18:06 +0000 [MT] Running /usr/bin/codesign '-vvv' '--force' '--sign' 'C130EA9A2E55926695706C7BB125EAA18580AA76' '--entitlements' '/var/folders/8d/9gywmgld2f76f_7jdrpx16ym0000gn/T/XcodeDistPipeline.~~~oJJHjw/entitlements~~~oxx00C' '--generate-entitlement-der' '--preserve-metadata=identifier,flags,runtime' '/var/folders/8d/9gywmgld2f76f_7jdrpx16ym0000gn/T/XcodeDistPipeline.~~~oJJHjw/Root/Payload/climactivity-app.app'
2021-11-02 14:18:06 +0000  /var/folders/8d/9gywmgld2f76f_7jdrpx16ym0000gn/T/XcodeDistPipeline.~~~oJJHjw/Root/Payload/climactivity-app.app: replacing existing signature
2021-11-02 14:18:06 +0000  /var/folders/8d/9gywmgld2f76f_7jdrpx16ym0000gn/T/XcodeDistPipeline.~~~oJJHjw/Root/Payload/climactivity-app.app: signed app bundle with Mach-O thin (arm64) [de.climactivity.app]
2021-11-02 14:18:06 +0000 [MT] /usr/bin/codesign exited with 0
2021-11-02 14:18:06 +0000 [MT] Processing step: IDEDistributionZipODRItemStep
2021-11-02 14:18:06 +0000 [MT] Skipping step: IDEDistributionZipODRItemStep because it said so
2021-11-02 14:18:06 +0000 [MT] Skipping step: IDEDistributionZipODRItemStep because it said so
2021-11-02 14:18:06 +0000 [MT] Processing step: IDEDistributionCreateIPAStep
2021-11-02 14:18:06 +0000 [MT] Running /usr/bin/rsync '-8aPhhE' '/var/folders/8d/9gywmgld2f76f_7jdrpx16ym0000gn/T/XcodeDistPipeline.~~~oJJHjw/Symbols' '--link-dest' '/var/folders/8d/9gywmgld2f76f_7jdrpx16ym0000gn/T/XcodeDistPipeline.~~~oJJHjw' '/var/folders/8d/9gywmgld2f76f_7jdrpx16ym0000gn/T/XcodeDistPipeline.~~~oJJHjw/Root'
2021-11-02 14:18:06 +0000  building file list ... 
2021-11-02 14:18:06 +0000   0 files...2021-11-02 14:18:06 +0000  4 files to consider
2021-11-02 14:18:06 +0000  Symbols/
2021-11-02 14:18:06 +0000  
2021-11-02 14:18:06 +0000  sent 258 bytes  received 26 bytes  568.00 bytes/sec
total size is 12.81M  speedup is 47293.48
2021-11-02 14:18:06 +0000 [MT] /usr/bin/rsync exited with 0
2021-11-02 14:18:06 +0000 [MT] Running /usr/bin/ditto '-V' '-c' '-k' '--norsrc' '/var/folders/8d/9gywmgld2f76f_7jdrpx16ym0000gn/T/XcodeDistPipeline.~~~oJJHjw/Root' '/var/folders/8d/9gywmgld2f76f_7jdrpx16ym0000gn/T/XcodeDistPipeline.~~~oJJHjw/Packages/Climactivity App.ipa'
2021-11-02 14:18:06 +0000  >>> Copying /var/folders/8d/9gywmgld2f76f_7jdrpx16ym0000gn/T/XcodeDistPipeline.~~~oJJHjw/Root 
2021-11-02 14:18:06 +0000  copying file ./Payload/climactivity-app.app/_CodeSignature/CodeResources ... 
2021-11-02 14:18:06 +0000  6048 bytes for ./Payload/climactivity-app.app/_CodeSignature/CodeResources
2021-11-02 14:18:06 +0000  copying file ./Payload/climactivity-app.app/en.lproj/InfoPlist.strings ... 
2021-11-02 14:18:06 +0000  42 bytes for ./Payload/climactivity-app.app/en.lproj/InfoPlist.strings
2021-11-02 14:18:06 +0000  copying file ./Payload/climactivity-app.app/climactivity-app ... 
2021-11-02 14:18:06 +0000  24543392 bytes for ./Payload/climactivity-app.app/climactivity-app
2021-11-02 14:18:06 +0000  copying file ./Payload/climactivity-app.app/Launch Screen.storyboardc/01J-lp-oVM-view-Ze5-6b-2t3.nib ... 
2021-11-02 14:18:06 +0000  2616 bytes for ./Payload/climactivity-app.app/Launch Screen.storyboardc/01J-lp-oVM-view-Ze5-6b-2t3.nib
2021-11-02 14:18:06 +0000  copying file ./Payload/climactivity-app.app/Launch Screen.storyboardc/UIViewController-01J-lp-oVM.nib ... 
2021-11-02 14:18:06 +0000  896 bytes for ./Payload/climactivity-app.app/Launch Screen.storyboardc/UIViewController-01J-lp-oVM.nib
copying file ./Payload/climactivity-app.app/Launch Screen.storyboardc/Info.plist ... 
2021-11-02 14:18:06 +0000  258 bytes for ./Payload/climactivity-app.app/Launch Screen.storyboardc/Info.plist
2021-11-02 14:18:06 +0000  copying file ./Payload/climactivity-app.app/Assets.car ... 
2021-11-02 14:18:06 +0000  343919 bytes for ./Payload/climactivity-app.app/Assets.car
copying file ./Payload/climactivity-app.app/climactivity-app.pck ... 
2021-11-02 14:18:07 +0000  21354784 bytes for ./Payload/climactivity-app.app/climactivity-app.pck
2021-11-02 14:18:07 +0000  copying file ./Payload/climactivity-app.app/Frameworks/localnotification.framework/_CodeSignature/CodeResources ... 
2021-11-02 14:18:07 +0000  2108 bytes for ./Payload/climactivity-app.app/Frameworks/localnotification.framework/_CodeSignature/CodeResources
2021-11-02 14:18:07 +0000  copying file ./Payload/climactivity-app.app/Frameworks/localnotification.framework/localnotification ... 
2021-11-02 14:18:07 +0000  5264896 bytes for ./Payload/climactivity-app.app/Frameworks/localnotification.framework/localnotification
2021-11-02 14:18:07 +0000  copying file ./Payload/climactivity-app.app/Frameworks/localnotification.framework/Headers/gdnative_ios.h ... 
2021-11-02 14:18:07 +0000  536 bytes for ./Payload/climactivity-app.app/Frameworks/localnotification.framework/Headers/gdnative_ios.h
2021-11-02 14:18:07 +0000  copying file ./Payload/climactivity-app.app/Frameworks/localnotification.framework/Info.plist ... 
2021-11-02 14:18:07 +0000  717 bytes for ./Payload/climactivity-app.app/Frameworks/localnotification.framework/Info.plist
2021-11-02 14:18:07 +0000  copying file ./Payload/climactivity-app.app/embedded.mobileprovision ... 
2021-11-02 14:18:07 +0000  14231 bytes for ./Payload/climactivity-app.app/embedded.mobileprovision
2021-11-02 14:18:07 +0000  copying file ./Payload/climactivity-app.app/Info.plist ... 
2021-11-02 14:18:07 +0000  1442 bytes for ./Payload/climactivity-app.app/Info.plist
2021-11-02 14:18:07 +0000  copying file ./Payload/climactivity-app.app/PkgInfo ... 
2021-11-02 14:18:07 +0000  8 bytes for ./Payload/climactivity-app.app/PkgInfo
2021-11-02 14:18:07 +0000  copying file ./Payload/climactivity-app.app/AppIcon76x76~ipad.png ... 
2021-11-02 14:18:07 +0000  3601 bytes for ./Payload/climactivity-app.app/AppIcon76x76~ipad.png
2021-11-02 14:18:07 +0000  copying file ./Symbols/C993940F-F0C4-3738-8AED-E794A32A00E4.symbols ... 
2021-11-02 14:18:07 +0000  1467460 bytes for ./Symbols/C993940F-F0C4-3738-8AED-E794A32A00E4.symbols
2021-11-02 14:18:07 +0000  copying file ./Symbols/6DFDB220-FC99-3A58-B007-ABA2E1CDB04A.symbols ... 
2021-11-02 14:18:07 +0000  10561188 bytes for ./Symbols/6DFDB220-FC99-3A58-B007-ABA2E1CDB04A.symbols
2021-11-02 14:18:07 +0000  copying file ./Symbols/5ACFF632-A03F-3E3D-BB34-DA5710476B43.symbols ... 
2021-11-02 14:18:07 +0000  1402700 bytes for ./Symbols/5ACFF632-A03F-3E3D-BB34-DA5710476B43.symbols
2021-11-02 14:18:07 +0000 [MT] /usr/bin/ditto exited with 0
2021-11-02 14:18:07 +0000 [MT] Processing step: IDEDistributionAppStoreInformationStep
2021-11-02 14:18:07 +0000 [MT] Skipping step: IDEDistributionAppStoreInformationStep because it said so
2021-11-02 14:18:07 +0000 [MT] Processing step: IDEDistributionGenerateProcessedDistributionItems
2021-11-02 14:18:07 +0000 [MT] IDEDistributionItem init <DVTFilePath:0x60000102c600:'/var/folders/8d/9gywmgld2f76f_7jdrpx16ym0000gn/T/XcodeDistPipeline.~~~oJJHjw/Root/Payload/climactivity-app.app/Frameworks/localnotification.framework'>
2021-11-02 14:18:07 +0000 [MT] IDEDistributionItem init <DVTFilePath:0x60000110bb80:'/var/folders/8d/9gywmgld2f76f_7jdrpx16ym0000gn/T/XcodeDistPipeline.~~~oJJHjw/Root/Payload/climactivity-app.app'>
2021-11-02 14:18:07 +0000 [MT] Processing step: IDEDistributionCreateManifestStep
2021-11-02 14:18:07 +0000 [MT] Skipping step: IDEDistributionCreateManifestStep because it said so
